<?xml version="1.0" encoding="UTF-8"?>
<!-- Generated by org.testng.reporters.JUnitReportReporter -->
<testsuite hostname="DESKTOP-DTAOF7I" failures="0" tests="6" name="com.conduit.request.ApiTest.articleAPITestWithBeforeSuiteSetup" time="3.413" errors="0" timestamp="2024-09-29T05:01:20 GMT-07:00" skipped="0">
  <testcase classname="com.conduit.request.ApiTest.articleAPITestWithBeforeSuiteSetup" name="createNewArticleRequestNegativeSchemaValidation" time="0.004"/>
  <testcase classname="com.conduit.request.ApiTest.articleAPITestWithBeforeSuiteSetup" name="createNewArticle" time="0.889"/>
  <testcase classname="com.conduit.request.ApiTest.articleAPITestWithBeforeSuiteSetup" name="createNewArticleRequestSchemaValidation" time="0.005"/>
  <testcase classname="com.conduit.request.ApiTest.articleAPITestWithBeforeSuiteSetup" name="createNewArticleViaTemplate" time="0.823"/>
  <testcase classname="com.conduit.request.ApiTest.articleAPITestWithBeforeSuiteSetup" name="createNewArticleResponseSchemaValidation" time="0.828"/>
  <testcase classname="com.conduit.request.ApiTest.articleAPITestWithBeforeSuiteSetup" name="createNewArticleResponseNegativeSchemaValidation" time="0.864"/>
</testsuite> <!-- com.conduit.request.ApiTest.articleAPITestWithBeforeSuiteSetup -->
