<?xml version="1.0" encoding="UTF-8"?>
<!-- Generated by org.testng.reporters.JUnitReportReporter -->
<testsuite hostname="DESKTOP-DTAOF7I" failures="0" tests="6" name="com.conduit.request.ApiTest.articleAPITest" time="3.979" errors="0" timestamp="2024-09-29T05:01:20 GMT-07:00" skipped="0">
  <testcase classname="com.conduit.request.ApiTest.articleAPITest" name="createNewArticle" time="0.871"/>
  <testcase classname="com.conduit.request.ApiTest.articleAPITest" name="createNewArticleViaTemplate" time="0.880"/>
  <testcase classname="com.conduit.request.ApiTest.articleAPITest" name="createNewArticleResponseSchemaValidation" time="1.242"/>
  <testcase classname="com.conduit.request.ApiTest.articleAPITest" name="createNewArticleRequestSchemaValidation" time="0.056"/>
  <testcase classname="com.conduit.request.ApiTest.articleAPITest" name="createNewArticleRequestNegativeSchemaValidation" time="0.005"/>
  <testcase classname="com.conduit.request.ApiTest.articleAPITest" name="createNewArticleResponseNegativeSchemaValidation" time="0.925"/>
</testsuite> <!-- com.conduit.request.ApiTest.articleAPITest -->
