<?xml version="1.0" encoding="UTF-8"?>
<!-- Generated by org.testng.reporters.JUnitReportReporter -->
<testsuite hostname="DESKTOP-DTAOF7I" failures="0" tests="2" name="com.conduit.request.ApiTest.addCommentAPITest" time="1.802" errors="0" timestamp="2024-09-29T05:01:20 GMT-07:00" skipped="0">
  <testcase classname="com.conduit.request.ApiTest.addCommentAPITest" name="addCommentAPITestViaTemplate" time="0.850"/>
  <testcase classname="com.conduit.request.ApiTest.addCommentAPITest" name="addCommentAPITest" time="0.952"/>
</testsuite> <!-- com.conduit.request.ApiTest.addCommentAPITest -->
